<?xml version="1.0" encoding="UTF-8"?>
<testsuite name="solver.ConverterTest" tests="34" skipped="0" failures="0" errors="0" timestamp="2019-04-02T07:08:09" hostname="Macbooks-MacBook-Pro.local" time="0.068">
  <properties/>
  <testcase name="toInfix01" classname="solver.ConverterTest" time="0.001"/>
  <testcase name="toInfix02" classname="solver.ConverterTest" time="0.003"/>
  <testcase name="toInfix03" classname="solver.ConverterTest" time="0.0"/>
  <testcase name="toInfix04" classname="solver.ConverterTest" time="0.002"/>
  <testcase name="toInfix05" classname="solver.ConverterTest" time="0.0"/>
  <testcase name="toInfix06" classname="solver.ConverterTest" time="0.001"/>
  <testcase name="toInfix07" classname="solver.ConverterTest" time="0.005"/>
  <testcase name="toInfix08" classname="solver.ConverterTest" time="0.005"/>
  <testcase name="toInfix09" classname="solver.ConverterTest" time="0.001"/>
  <testcase name="toInfix10" classname="solver.ConverterTest" time="0.004"/>
  <testcase name="toInfix11" classname="solver.ConverterTest" time="0.009"/>
  <testcase name="toInfix12" classname="solver.ConverterTest" time="0.001"/>
  <testcase name="toInfix13" classname="solver.ConverterTest" time="0.001"/>
  <testcase name="toInfix14" classname="solver.ConverterTest" time="0.002"/>
  <testcase name="toInfix15" classname="solver.ConverterTest" time="0.003"/>
  <testcase name="toInfix16" classname="solver.ConverterTest" time="0.0"/>
  <testcase name="toInfix17" classname="solver.ConverterTest" time="0.006"/>
  <testcase name="toInfix19" classname="solver.ConverterTest" time="0.002"/>
  <testcase name="toInfix20" classname="solver.ConverterTest" time="0.001"/>
  <testcase name="toInfix21" classname="solver.ConverterTest" time="0.001"/>
  <testcase name="toInfix22" classname="solver.ConverterTest" time="0.0"/>
  <testcase name="toInfix23" classname="solver.ConverterTest" time="0.001"/>
  <testcase name="toInfix24" classname="solver.ConverterTest" time="0.001"/>
  <testcase name="toInfix25" classname="solver.ConverterTest" time="0.0"/>
  <testcase name="toInfix26" classname="solver.ConverterTest" time="0.001"/>
  <testcase name="toInfix27" classname="solver.ConverterTest" time="0.001"/>
  <testcase name="toInfix28" classname="solver.ConverterTest" time="0.001"/>
  <testcase name="toInfix29" classname="solver.ConverterTest" time="0.0"/>
  <testcase name="toInfix30" classname="solver.ConverterTest" time="0.001"/>
  <testcase name="toInfix31" classname="solver.ConverterTest" time="0.0"/>
  <testcase name="toInfix32" classname="solver.ConverterTest" time="0.0"/>
  <testcase name="toInfix33" classname="solver.ConverterTest" time="0.0"/>
  <testcase name="toInfix34" classname="solver.ConverterTest" time="0.001"/>
  <testcase name="toInfix35" classname="solver.ConverterTest" time="0.001"/>
  <system-out><![CDATA[]]></system-out>
  <system-err><![CDATA[]]></system-err>
</testsuite>
